[2025-07-12 07:59:48,715] Running step: step_qonnx_to_finn [1/19]
[2025-07-12 07:59:48,720] Running step: step_tidy_up [2/19]
[2025-07-12 07:59:48,861] Running step: step_streamline [3/19]
[2025-07-12 07:59:50,795] /home/abc/Desktop/finn/deps/qonnx/src/qonnx/transformation/infer_data_layouts.py:127: UserWarning: Assuming 4D input is NCHW
[2025-07-12 07:59:50,795]   warnings.warn("Assuming 4D input is NCHW")
[2025-07-12 07:59:50,804] Running step: step_convert_to_hw [4/19]
[2025-07-12 07:59:50,866] Running step: step_create_dataflow_partition [5/19]
[2025-07-12 07:59:50,890] Running step: step_specialize_layers [6/19]
[2025-07-12 07:59:50,906] Running step: step_target_fps_parallelization [7/19]
[2025-07-12 07:59:50,911] /home/abc/Desktop/finn/src/finn/transformation/fpgadataflow/set_folding.py:221: UserWarning: SetFolding doesn't know how to handle op_type StreamingMaxPool_hls
[2025-07-12 07:59:50,911]   warnings.warn("SetFolding doesn't know how to handle op_type " + op_type)
[2025-07-12 07:59:50,919] /home/abc/Desktop/finn/src/finn/custom_op/fpgadataflow/streamingmaxpool.py:139: UserWarning: Estimated latency for layer StreamingMaxPool_hls_0 can be lower than
[2025-07-12 07:59:50,919]              actual latency!
[2025-07-12 07:59:50,919]   warnings.warn(
[2025-07-12 07:59:50,920] /home/abc/Desktop/finn/src/finn/custom_op/fpgadataflow/streamingmaxpool.py:139: UserWarning: Estimated latency for layer StreamingMaxPool_hls_1 can be lower than
[2025-07-12 07:59:50,920]              actual latency!
[2025-07-12 07:59:50,920]   warnings.warn(
[2025-07-12 07:59:50,921] /home/abc/Desktop/finn/src/finn/transformation/fpgadataflow/set_folding.py:233: UserWarning: Node MVAU_hls_1 is bottleneck with 30976 cycles, running second pass
[2025-07-12 07:59:50,921]   warnings.warn(
[2025-07-12 07:59:50,941] Running step: step_apply_folding_config [8/19]
[2025-07-12 07:59:50,944] Running step: step_minimize_bit_width [9/19]
[2025-07-12 07:59:51,058] Running step: step_generate_estimate_reports [10/19]
[2025-07-12 07:59:51,064] Running step: step_hw_codegen [11/19]
[2025-07-12 08:00:08,637] Running step: step_hw_ipgen [12/19]
[2025-07-12 15:00:08,637] Running step: step_set_fifo_depths [13/19]
[2025-07-12 15:00:10,000] Running step: step_create_stitched_ip [14/19]
[2025-07-12 15:10:10,000] Running step: step_measure_rtlsim_performance [15/19]
[2025-07-12 15:40:10,000] Running step: step_out_of_context_synthesis [16/19]
[2025-07-12 18:10:10,000] Running step: step_synthesize_bitfile [17/19]
[2025-07-12 21:10:10,000] Running step: step_make_pynq_driver [18/19]
[2025-07-12 21:20:10,000] Running step: step_deployment_package [19/19]
